<?xml version="1.0" encoding="UTF-8"?>
<!-- Generated by org.testng.reporters.JUnitReportReporter -->
<testsuite hostname="INDIA" failures="0" tests="1" name="testScripts.DifferentBrowserTest" time="26.784" errors="0" timestamp="16 Apr 2020 10:28:13 GMT" skipped="0">
  <testcase classname="testScripts.DifferentBrowserTest" name="loginAndPurchaseCameraValidation" time="26.784"/>
</testsuite> <!-- testScripts.DifferentBrowserTest -->
