<?xml version="1.0" encoding="UTF-8"?>
<!-- Generated by org.testng.reporters.JUnitReportReporter -->
<testsuite hostname="INDIA" failures="0" tests="1" name="testScripts.DifferentBrowserTest" time="31.675" errors="0" timestamp="16 Apr 2020 11:03:10 GMT" skipped="0">
  <testcase classname="testScripts.DifferentBrowserTest" name="loginAndPurchaseCameraValidation" time="31.675"/>
</testsuite> <!-- testScripts.DifferentBrowserTest -->
